<?xml version="1.0" encoding="iso-8859-1"?>
<!--
  DO NOT ALTER OR REMOVE COPYRIGHT NOTICES OR THIS HEADER.
 
  Copyright 2003-2007 Sun Microsystems, Inc. All rights reserved.
 
  The contents of this file are subject to the terms of either the GNU
  General Public License Version 2 only ("GPL") or the Common Development
  and Distribution License("CDDL") (collectively, the "License").  You
  may not use this file except in compliance with the License. You can obtain
  a copy of the License at https://glassfish.dev.java.net/public/CDDL+GPL.html
  or glassfish/bootstrap/legal/LICENSE.txt.  See the License for the specific
  language governing permissions and limitations under the License.
 
  When distributing the software, include this License Header Notice in each
  file and include the License file at glassfish/bootstrap/legal/LICENSE.txt.
  Sun designates this particular file as subject to the "Classpath" exception
  as provided by Sun in the GPL Version 2 section of the License file that
  accompanied this code.  If applicable, add the following below the License
  Header, with the fields enclosed by brackets [] replaced by your own
  identifying information: "Portions Copyrighted [year]
  [name of copyright owner]"
 
  Contributor(s):
 
  If you wish your version of this file to be governed by only the CDDL or
  only the GPL Version 2, indicate your decision by adding "[Contributor]
  elects to include this software in this distribution under the [CDDL or GPL
  Version 2] license."  If you don't indicate a single choice of license, a
  recipient has the option to distribute your version of this file under
  either the CDDL, the GPL Version 2 or to extend the choice of license to
  its licensees as provided above.  However, if you add GPL Version 2 code
  and therefore, elected the GPL Version 2 license, then the option applies
  only if the new code is made subject to such option by the copyright
  holder.
-->

<!--
    Generate test stubs and ties based on the input java file.
    This should work as follows:
    1. Check that the .class file is older than the .java file.
       If so:
       2. Compile the .java file into the .class file
       3. Run rmic on the class 
-->

<target name="compile-rmic-class">
    <echo message="Compiling sources ${sourcefile-name}"/>
    <javac destdir="${output-dir-value}" 
	    classpathref="test-classpath.master"
	    deprecation="${deprecation}"
	    debug="${javac.debug}" 
	    optimize="${javac.optimize}"
	    failonerror="true">
	<src path="${test.src.dir}"/>
	<src path="${test-gensrc.dir}"/>
	<include name="${sourcefile-name}"/>
	<compilerarg value="-Xbootclasspath/p:${classes.dir}"/>
    </javac>
</target>

<!-- Checks to see if the destination directory for the rmic invocation exists
     and if it does exist then has the class file been changed in reference to 
     the generated files  -->
<target name="check-rmic-class-file-changed" depends="compile-rmic-class">
    <basename property="cls-name" suffix=".java" file="${sourcefile-name}"/>
    <dirname property="dir-name" file="${output-dir-value}/${sourcefile-name}"/>
    <property name="rmic-class" value="${dir-name}/${cls-name}.class"/>
    <echo message="The rmic class = ${rmic-class}"/>
    <condition property="rmic-class-file-changed">
	<or>
	<!--
	    <uptodate property="rmic-class-file-changed" targetfile="${rmic-class}">
		<srcfiles dir="${output-dir-value}" includes="_*_Stub.java"/>
	    </uptodate>
	-->
	    <uptodate property="rmic-class-file-changed" targetfile="${rmic-class}">
		<srcfiles dir="${output-dir-value}" includes="_${cls-name}_Tie.java"/>
	    </uptodate>
	</or>
    </condition>
</target>


<!-- This target is called repeatedly for each rmic invocation -->
<!-- target name="call-rmic" depends="check-rmic-class-file-changed" if="rmic-class-file-changed" -->
<target name="call-rmic" depends="compile-rmic-class">
    <echo message="Running RMI compiler ${classfile-name}"/>
    <rmic base="${output-dir-value}" debug="${javac.debug}" 
		classpathref="test-classpath.master"
		includeAntRuntime="no"
		iiop="yes">
	<compilerarg line="-keep ${rmic-args-value}"/>
	<include name="${classfile-name}"/>
    </rmic>
</target>


<!-- Run all rmic invocations for the tests that use rmic and generate
     sources for them -->
<target name="run-all-test-rmic">
    <antcall target="call-rmic" inheritAll="true" inheritRefs="true">
	<param name="rmic-args-value" value=""/>
	<param name="output-dir-value" value="${test-gensrc.dir}"/>
	<param name="classfile-name" value="corba/hcks/rmiiIServant.class"/>
	<param name="sourcefile-name" value="corba/hcks/rmiiIServant.java"/>
    </antcall>
    <antcall target="call-rmic" inheritAll="true" inheritRefs="true">
	<param name="rmic-args-value" value="-poa"/>
	<param name="output-dir-value" value="${test-gensrc.dir}"/>
	<param name="classfile-name" value="corba/hcks/rmiiIServantPOA.class"/>
	<param name="sourcefile-name" value="corba/hcks/rmiiIServantPOA.java"/>
    </antcall>
    <antcall target="call-rmic" inheritAll="true" inheritRefs="true">
	<param name="rmic-args-value" value=""/>
	<param name="output-dir-value" value="${test-gensrc.dir}"/>
	<param name="classfile-name" value="corba/connections/RemoteService.class"/>
	<param name="sourcefile-name" value="corba/connections/RemoteService.java"/>
    </antcall>
    <antcall target="call-rmic" inheritAll="true" inheritRefs="true">
	<param name="rmic-args-value" value=""/>
	<param name="output-dir-value" value="${test-gensrc.dir}"/>
	<param name="classfile-name" value="corba/exceptiondetailsc/rmiiIServantConnect.class"/>
	<param name="sourcefile-name" value="corba/exceptiondetailsc/rmiiIServantConnect.java"/>
    </antcall>
    <antcall target="call-rmic" inheritAll="true" inheritRefs="true">
	<param name="rmic-args-value" value="-poa"/>
	<param name="output-dir-value" value="${test-gensrc.dir}"/>
	<param name="classfile-name" value="corba/exceptiondetailsc/rmiiIServantPOA.class"/>
	<param name="sourcefile-name" value="corba/exceptiondetailsc/rmiiIServantPOA.java"/>
    </antcall>
    <antcall target="call-rmic" inheritAll="true" inheritRefs="true">
	<param name="rmic-args-value" value=""/>
	<param name="output-dir-value" value="${test-gensrc.dir}"/>
	<param name="classfile-name" value="corba/genericRPCMSGFramework/BasePortServant.class"/>
	<param name="sourcefile-name" value="corba/genericRPCMSGFramework/BasePortServant.java"/>
    </antcall>
    <antcall target="call-rmic" inheritAll="true" inheritRefs="true">
	<param name="rmic-args-value" value=""/>
	<param name="output-dir-value" value="${test-gensrc.dir}"/>
	<param name="classfile-name" value="corba/islocal/rmiiIServantConnect.class"/>
	<param name="sourcefile-name" value="corba/islocal/rmiiIServantConnect.java"/>
    </antcall>
    <antcall target="call-rmic" inheritAll="true" inheritRefs="true">
	<param name="rmic-args-value" value="-poa"/>
	<param name="output-dir-value" value="${test-gensrc.dir}"/>
	<param name="classfile-name" value="corba/islocal/rmiiIServantPOA.class"/>
	<param name="sourcefile-name" value="corba/islocal/rmiiIServantPOA.java"/>
    </antcall>
    <antcall target="call-rmic" inheritAll="true" inheritRefs="true">
	<param name="rmic-args-value" value=""/>
	<param name="output-dir-value" value="${test-gensrc.dir}"/>
	<param name="classfile-name" value="corba/pept/rmiiIServantConnect.class"/>
	<param name="sourcefile-name" value="corba/pept/rmiiIServantConnect.java"/>
    </antcall>
    <antcall target="call-rmic" inheritAll="true" inheritRefs="true">
	<param name="rmic-args-value" value="-poa"/>
	<param name="output-dir-value" value="${test-gensrc.dir}"/>
	<param name="classfile-name" value="corba/pept/rmiiIServantPOA.class"/>
	<param name="sourcefile-name" value="corba/pept/rmiiIServantPOA.java"/>
    </antcall>
    <antcall target="call-rmic" inheritAll="true" inheritRefs="true">
	<param name="rmic-args-value" value="-poa"/>
	<param name="output-dir-value" value="${test-gensrc.dir}"/>
	<param name="classfile-name" value="corba/misc/EchoImpl.class"/>
	<param name="sourcefile-name" value="corba/misc/EchoImpl.java"/>
    </antcall>
    <antcall target="call-rmic" inheritAll="true" inheritRefs="true">
	<param name="rmic-args-value" value="-poa"/>
	<param name="output-dir-value" value="${test-gensrc.dir}"/>
	<param name="classfile-name" value="pi/serverinterceptor/helloRMIIIOP.class"/>
	<param name="sourcefile-name" value="pi/serverinterceptor/helloRMIIIOP.java"/>
    </antcall>
    <antcall target="call-rmic" inheritAll="true" inheritRefs="true">
	<param name="rmic-args-value" value="-poa"/>
	<param name="output-dir-value" value="${test-gensrc.dir}"/>
	<param name="classfile-name" value="pi/clientinterceptor/helloRMIIIOP.class"/>
	<param name="sourcefile-name" value="pi/clientinterceptor/helloRMIIIOP.java"/>
    </antcall>
    <antcall target="call-rmic" inheritAll="true" inheritRefs="true">
	<param name="rmic-args-value" value="-poa"/>
	<param name="output-dir-value" value="${test-gensrc.dir}"/>
	<param name="classfile-name" value="pi/clientrequestinfo/helloRMIIIOP.class"/>
	<param name="sourcefile-name" value="pi/clientrequestinfo/helloRMIIIOP.java"/>
    </antcall>
    <antcall target="call-rmic" inheritAll="true" inheritRefs="true">
	<param name="rmic-args-value" value="-poa"/>
	<param name="output-dir-value" value="${test-gensrc.dir}"/>
	<param name="classfile-name" value="pi/serverrequestinfo/helloRMIIIOP.class"/>
	<param name="sourcefile-name" value="pi/serverrequestinfo/helloRMIIIOP.java"/>
    </antcall>
    <antcall target="call-rmic" inheritAll="true" inheritRefs="true">
	<param name="rmic-args-value" value="-poa -nolocalstubs"/>
	<param name="output-dir-value" value="${test-gensrc.dir}"/>
	<param name="classfile-name" value="corba/cdrstreams/GraphProcessorImpl.class"/>
	<param name="sourcefile-name" value="corba/cdrstreams/GraphProcessorImpl.java"/>
    </antcall>
    <antcall target="call-rmic" inheritAll="true" inheritRefs="true">
	<param name="rmic-args-value" value="-poa -nolocalstubs"/>
	<param name="output-dir-value" value="${test-gensrc.dir}"/>
	<param name="classfile-name" value="corba/cdrext/Server.class"/>
	<param name="sourcefile-name" value="corba/cdrext/Server.java"/>
    </antcall>
    <antcall target="call-rmic" inheritAll="true" inheritRefs="true">
	<param name="rmic-args-value" value="-poa -nolocalstubs"/>
	<param name="output-dir-value" value="${test-gensrc.dir}"/>
	<param name="classfile-name" value="corba/cmvt/GIOPComboImpl.class"/>
	<param name="sourcefile-name" value="corba/cmvt/GIOPComboImpl.java"/>
    </antcall>
    <antcall target="call-rmic" inheritAll="true" inheritRefs="true">
	<param name="rmic-args-value" value="-poa"/>
	<param name="output-dir-value" value="${test-gensrc.dir}"/>
	<param name="classfile-name" value="corba/copyobject/RemoteTestImpl.class"/>
	<param name="sourcefile-name" value="corba/copyobject/RemoteTest.java"/>
    </antcall>
    <antcall target="call-rmic" inheritAll="true" inheritRefs="true">
	<param name="rmic-args-value" value="-poa"/>
	<param name="output-dir-value" value="${test-gensrc.dir}"/>
	<param name="classfile-name" value="corba/copyobjectpolicy/EchoImpl.class"/>
	<param name="sourcefile-name" value="corba/copyobjectpolicy/EchoImpl.java"/>
    </antcall>
    <antcall target="call-rmic" inheritAll="true" inheritRefs="true">
	<param name="rmic-args-value" value="-poa"/>
	<param name="output-dir-value" value="${test-gensrc.dir}"/>
	<param name="classfile-name" value="corba/driinvocation/Echo.class"/>
	<param name="sourcefile-name" value="corba/driinvocation/Echo.java"/>
    </antcall>
    <antcall target="call-rmic" inheritAll="true" inheritRefs="true">
	<param name="rmic-args-value" value="-poa -nolocalstubs"/>
	<param name="output-dir-value" value="${test-gensrc.dir}"/>
	<param name="classfile-name" value="corba/fragment/FragmentTesterImpl.class"/>
	<param name="sourcefile-name" value="corba/fragment/FragmentTesterImpl.java"/>
    </antcall>
    <antcall target="call-rmic" inheritAll="true" inheritRefs="true">
	<param name="rmic-args-value" value="-poa -nolocalstubs"/>
	<param name="output-dir-value" value="${test-gensrc.dir}"/>
	<param name="classfile-name" value="corba/fragment2/FragmentTesterImpl.class"/>
	<param name="sourcefile-name" value="corba/fragment2/FragmentTesterImpl.java"/>
    </antcall>
    <antcall target="call-rmic" inheritAll="true" inheritRefs="true">
	<param name="rmic-args-value" value="-poa -nolocalstubs"/>
	<param name="output-dir-value" value="${test-gensrc.dir}"/>
	<param name="classfile-name" value="corba/msgtypes/FragmentTesterImpl.class"/>
	<param name="sourcefile-name" value="corba/msgtypes/FragmentTesterImpl.java"/>
    </antcall>
    <antcall target="call-rmic" inheritAll="true" inheritRefs="true">
	<param name="rmic-args-value" value="-poa -nolocalstubs"/>
	<param name="output-dir-value" value="${test-gensrc.dir}"/>
	<param name="classfile-name" value="corba/ortremote/ORTEchoImpl.class"/>
	<param name="sourcefile-name" value="corba/ortremote/ORTEchoImpl.java"/>
    </antcall>
    <antcall target="call-rmic" inheritAll="true" inheritRefs="true">
	<param name="rmic-args-value" value="-poa"/>
	<param name="output-dir-value" value="${test-gensrc.dir}"/>
	<param name="classfile-name" value="corba/preinvokepostinvoke/MyServant.class"/>
	<param name="sourcefile-name" value="corba/preinvokepostinvoke/MyServant.java"/>
    </antcall>
    <antcall target="call-rmic" inheritAll="true" inheritRefs="true">
	<param name="rmic-args-value" value="-poa -nolocalstubs"/>
	<param name="output-dir-value" value="${test-gensrc.dir}"/>
	<param name="classfile-name" value="corba/rmipoacounter/counterImpl.class"/>
	<param name="sourcefile-name" value="corba/rmipoacounter/counterImpl.java"/>
    </antcall>
    <antcall target="call-rmic" inheritAll="true" inheritRefs="true">
	<param name="rmic-args-value" value="-poa"/>
	<param name="output-dir-value" value="${test-gensrc.dir}"/>
	<param name="classfile-name" value="corba/stubserialization/HelloServant.class"/>
	<param name="sourcefile-name" value="corba/stubserialization/HelloServant.java"/>
    </antcall>
    <antcall target="call-rmic" inheritAll="true" inheritRefs="true">
	<param name="rmic-args-value" value="-poa"/>
	<param name="output-dir-value" value="${test-gensrc.dir}"/>
	<param name="classfile-name" value="corba/stubserialization/EchoServant.class"/>
	<param name="sourcefile-name" value="corba/stubserialization/EchoServant.java"/>
    </antcall>
    <antcall target="call-rmic" inheritAll="true" inheritRefs="true">
	<param name="rmic-args-value" value="-poa"/>
	<param name="output-dir-value" value="${test-gensrc.dir}"/>
	<param name="classfile-name" value="corba/enuminterop/EchoServant.class"/>
	<param name="sourcefile-name" value="corba/enuminterop/EchoServant.java"/>
    </antcall>
    <antcall target="call-rmic" inheritAll="true" inheritRefs="true">
	<param name="rmic-args-value" value="-poa -nolocalstubs"/>
	<param name="output-dir-value" value="${test-gensrc.dir}"/>
	<param name="classfile-name" value="corba/giopheaderpadding/rmiiIServantPOA.class"/>
	<param name="sourcefile-name" value="corba/giopheaderpadding/rmiiIServantPOA.java"/>
    </antcall>
    <antcall target="call-rmic" inheritAll="true" inheritRefs="true">
	<param name="rmic-args-value" value="-poa -nolocalstubs"/>
	<param name="output-dir-value" value="${test-gensrc.dir}"/>
	<param name="classfile-name" value="corba/systemexceptions/rmiiIServantPOA.class"/>
	<param name="sourcefile-name" value="corba/systemexceptions/Server.java"/>
    </antcall>
    <antcall target="call-rmic" inheritAll="true" inheritRefs="true">
	<param name="rmic-args-value" value=""/>
	<param name="output-dir-value" value="${test-gensrc.dir}"/>
	<param name="classfile-name" value="corba/rogueclient/TesterImpl.class"/>
	<param name="sourcefile-name" value="corba/rogueclient/TesterImpl.java"/>
    </antcall>
    <antcall target="call-rmic" inheritAll="true" inheritRefs="true">
	<param name="rmic-args-value" value="-poa -nolocalstubs"/>
	<param name="output-dir-value" value="${test-gensrc.dir}"/>
	<param name="classfile-name" value="corba/jsg/rmiiIServantPOA.class"/>
	<param name="sourcefile-name" value="corba/jsg/rmiiIServantPOA.java"/>
    </antcall>
    <antcall target="call-rmic" inheritAll="true" inheritRefs="true">
	<param name="rmic-args-value" value="-poa -always"/>
	<param name="output-dir-value" value="${test-gensrc.dir}"/>
	<param name="classfile-name" value="corba/rmic/CImpl.class"/>
	<param name="sourcefile-name" value="corba/rmic/CImpl.java"/>
    </antcall>
    <antcall target="call-rmic" inheritAll="true" inheritRefs="true">
	<param name="rmic-args-value" value="-poa -always"/>
	<param name="output-dir-value" value="${test-gensrc.dir}"/>
	<param name="classfile-name" value="corba/mixedorb/EchoImpl.class"/>
	<param name="sourcefile-name" value="corba/mixedorb/EchoImpl.java"/>
    </antcall>
    <antcall target="call-rmic" inheritAll="true" inheritRefs="true">
	<param name="rmic-args-value" value="-poa -keep"/>
	<param name="output-dir-value" value="${test-gensrc.dir}"/>
	<param name="classfile-name" value="performance/simpleperf/counterImpl.class"/>
	<param name="sourcefile-name" value="performance/simpleperf/counterImpl.java"/>
    </antcall>
    <antcall target="call-rmic" inheritAll="true" inheritRefs="true">
	<param name="rmic-args-value" value="-poa -keep"/>
	<param name="output-dir-value" value="${test-gensrc.dir}"/>
	<param name="classfile-name" value="performance/simpleperf2/counterImpl.class"/>
	<param name="sourcefile-name" value="performance/simpleperf2/counterImpl.java"/>
    </antcall>
</target>

