<?xml version="1.0" encoding="iso-8859-1"?>
<!--
  DO NOT ALTER OR REMOVE COPYRIGHT NOTICES OR THIS HEADER.
 
  Copyright 2003-2007 Sun Microsystems, Inc. All rights reserved.
 
  The contents of this file are subject to the terms of either the GNU
  General Public License Version 2 only ("GPL") or the Common Development
  and Distribution License("CDDL") (collectively, the "License").  You
  may not use this file except in compliance with the License. You can obtain
  a copy of the License at https://glassfish.dev.java.net/public/CDDL+GPL.html
  or glassfish/bootstrap/legal/LICENSE.txt.  See the License for the specific
  language governing permissions and limitations under the License.
 
  When distributing the software, include this License Header Notice in each
  file and include the License file at glassfish/bootstrap/legal/LICENSE.txt.
  Sun designates this particular file as subject to the "Classpath" exception
  as provided by Sun in the GPL Version 2 section of the License file that
  accompanied this code.  If applicable, add the following below the License
  Header, with the fields enclosed by brackets [] replaced by your own
  identifying information: "Portions Copyrighted [year]
  [name of copyright owner]"
 
  Contributor(s):
 
  If you wish your version of this file to be governed by only the CDDL or
  only the GPL Version 2, indicate your decision by adding "[Contributor]
  elects to include this software in this distribution under the [CDDL or GPL
  Version 2] license."  If you don't indicate a single choice of license, a
  recipient has the option to distribute your version of this file under
  either the CDDL, the GPL Version 2 or to extend the choice of license to
  its licensees as provided above.  However, if you add GPL Version 2 code
  and therefore, elected the GPL Version 2 license, then the option applies
  only if the new code is made subject to such option by the copyright
  holder.
-->

<!-- Run all idl invocations for the tests that use idl and generate
     sources for them -->
<target name="run-all-test-idl">
    <antcall target="call-idl" inheritAll="true" inheritRefs="true">
	<param name="td-value" value="-td ${test-gensrc.dir}"/>
	<param name="includes-value" value=""/>
	<param name="corba-value" value=""/>
	<param name="fall-value" value="-fall"/>
	<param name="D-value" value=""/>
	<param name="oldImplBase-value" value="-oldImplBase"/>
	<param name="pkg-translate" value=""/>
	<param name="pkg-prefixes" value=""/>
	<param name="idl-value" value="${test.src.dir}/corba/legacybootstrapserver/X.idl"/>
	<param name="idl-gensrc-dir" value="${test-gensrc.dir}/corba/legacybootstrapserver"/>
	<param name="generated-files" value="_*ImplBase.java"/>
    </antcall>
    <antcall target="call-idl" inheritAll="true" inheritRefs="true">
	<param name="td-value" value="-td ${test-gensrc.dir}"/>
	<param name="includes-value" value=""/>
	<param name="corba-value" value=""/>
	<param name="fall-value" value="-fallTIE"/>
	<param name="D-value" value=""/>
	<param name="oldImplBase-value" value="-oldImplBase"/>
	<param name="pkg-translate" value=""/>
	<param name="pkg-prefixes" value=""/>
	<param name="idl-value" value="${test.src.dir}/corba/legacybootstrapserver/X.idl"/>
	<param name="idl-gensrc-dir" value="${test-gensrc.dir}/corba/legacybootstrapserver"/>
	<param name="generated-files" value="*_Tie.java"/>
    </antcall>
    <antcall target="call-idl" inheritAll="true" inheritRefs="true">
	<param name="td-value" value="-td ${test-gensrc.dir}"/>
	<param name="includes-value" value=""/>
	<param name="corba-value" value=""/>
	<param name="fall-value" value="-fall"/>
	<param name="D-value" value=""/>
	<param name="oldImplBase-value" value=""/>
	<param name="pkg-translate" value=""/>
	<param name="pkg-prefixes" value=""/>
	<param name="idl-value" value="${test.src.dir}/corba/connectintercept_1_4/Ex.idl"/>
	<param name="idl-gensrc-dir" value="${test-gensrc.dir}/corba/connectintercept_1_4"/>
	<param name="generated-files" value="*.java"/>
    </antcall>
    <antcall target="call-idl" inheritAll="true" inheritRefs="true">
	<param name="td-value" value="-td ${test-gensrc.dir}"/>
	<param name="includes-value" value=""/>
	<param name="corba-value" value=""/>
	<param name="fall-value" value="-fallTIE"/>
	<param name="D-value" value=""/>
	<param name="oldImplBase-value" value=""/>
	<param name="pkg-translate" value=""/>
	<param name="pkg-prefixes" value=""/>
	<param name="idl-value" value="${test.src.dir}/corba/connectintercept_1_4/Ex.idl"/>
	<param name="idl-gensrc-dir" value="${test-gensrc.dir}/corba/connectintercept_1_4"/>
	<param name="generated-files" value="*POATie.java"/>
    </antcall>
    <antcall target="call-idl" inheritAll="true" inheritRefs="true">
	<param name="td-value" value="-td ${test-gensrc.dir}"/>
	<param name="includes-value" value=""/>
	<param name="corba-value" value=""/>
	<param name="fall-value" value="-fall"/>
	<param name="D-value" value=""/>
	<param name="oldImplBase-value" value="-oldImplBase"/>
	<param name="pkg-translate" value=""/>
	<param name="pkg-prefixes" value=""/>
	<param name="idl-value" value="${test.src.dir}/corba/connectintercept_1_4/Ex.idl"/>
	<param name="idl-gensrc-dir" value="${test-gensrc.dir}/corba/connectintercept_1_4"/>
	<param name="generated-files" value="_*ImplBase.java"/>
    </antcall>
    <antcall target="call-idl" inheritAll="true" inheritRefs="true">
	<param name="td-value" value="-td ${test-gensrc.dir}"/>
	<param name="includes-value" value=""/>
	<param name="corba-value" value=""/>
	<param name="fall-value" value="-fallTIE"/>
	<param name="D-value" value=""/>
	<param name="oldImplBase-value" value="-oldImplBase"/>
	<param name="pkg-translate" value=""/>
	<param name="pkg-prefixes" value=""/>
	<param name="idl-value" value="${test.src.dir}/corba/connectintercept_1_4/Ex.idl"/>
	<param name="idl-gensrc-dir" value="${test-gensrc.dir}/corba/connectintercept_1_4"/>
	<param name="generated-files" value="*_Tie.java"/>
    </antcall>
    <!-- FOLB_8_1 -->
    <antcall target="call-idl" inheritAll="true" inheritRefs="true">
	<param name="td-value" value="-td ${test-gensrc.dir}"/>
	<param name="includes-value" value=""/>
	<param name="corba-value" value=""/>
	<param name="fall-value" value="-fall"/>
	<param name="D-value" value=""/>
	<param name="oldImplBase-value" value=""/>
	<param name="pkg-translate" value=""/>
	<param name="pkg-prefixes" value=""/>
	<param name="idl-value" value="${test.src.dir}/corba/folb_8_1/folb.idl"/>
	<param name="idl-gensrc-dir" value="${test-gensrc.dir}/corba/folb_8_1"/>
	<param name="generated-files" value="*.java"/>
    </antcall>
    <antcall target="call-idl" inheritAll="true" inheritRefs="true">
	<param name="td-value" value="-td ${test-gensrc.dir}"/>
	<param name="includes-value" value=""/>
	<param name="corba-value" value=""/>
	<param name="fall-value" value="-fallTIE"/>
	<param name="D-value" value=""/>
	<param name="oldImplBase-value" value=""/>
	<param name="pkg-translate" value=""/>
	<param name="pkg-prefixes" value=""/>
	<param name="idl-value" value="${test.src.dir}/corba/folb_8_1/folb.idl"/>
	<param name="idl-gensrc-dir" value="${test-gensrc.dir}/corba/folb_8_1"/>
	<param name="generated-files" value="*POATie.java"/>
    </antcall>
    <antcall target="call-idl" inheritAll="true" inheritRefs="true">
	<param name="td-value" value="-td ${test-gensrc.dir}"/>
	<param name="includes-value" value=""/>
	<param name="corba-value" value=""/>
	<param name="fall-value" value="-fall"/>
	<param name="D-value" value=""/>
	<param name="oldImplBase-value" value="-oldImplBase"/>
	<param name="pkg-translate" value=""/>
	<param name="pkg-prefixes" value=""/>
	<param name="idl-value" value="${test.src.dir}/corba/folb_8_1/folb.idl"/>
	<param name="idl-gensrc-dir" value="${test-gensrc.dir}/corba/folb_8_1"/>
	<param name="generated-files" value="_*ImplBase.java"/>
    </antcall>
    <antcall target="call-idl" inheritAll="true" inheritRefs="true">
	<param name="td-value" value="-td ${test-gensrc.dir}"/>
	<param name="includes-value" value=""/>
	<param name="corba-value" value=""/>
	<param name="fall-value" value="-fallTIE"/>
	<param name="D-value" value=""/>
	<param name="oldImplBase-value" value="-oldImplBase"/>
	<param name="pkg-translate" value=""/>
	<param name="pkg-prefixes" value=""/>
	<param name="idl-value" value="${test.src.dir}/corba/folb_8_1/folb.idl"/>
	<param name="idl-gensrc-dir" value="${test-gensrc.dir}/corba/folb_8_1"/>
	<param name="generated-files" value="*_Tie.java"/>
    </antcall>
    <!-- REQUESTPARTITIONING -->
    <antcall target="call-idl" inheritAll="true" inheritRefs="true">
	<param name="td-value" value="-td ${test-gensrc.dir}"/>
	<param name="includes-value" value=""/>
	<param name="corba-value" value=""/>
	<param name="fall-value" value="-fall"/>
	<param name="D-value" value=""/>
	<param name="oldImplBase-value" value=""/>
	<param name="pkg-translate" value=""/>
	<param name="pkg-prefixes" value=""/>
	<param name="idl-value" value="${test.src.dir}/corba/requestpartitioning/Tester.idl"/>
	<param name="idl-gensrc-dir" value="${test-gensrc.dir}/corba/requestpartitioning"/>
	<param name="generated-files" value="*.java"/>
    </antcall>
    <antcall target="call-idl" inheritAll="true" inheritRefs="true">
	<param name="td-value" value="-td ${test-gensrc.dir}"/>
	<param name="includes-value" value=""/>
	<param name="corba-value" value=""/>
	<param name="fall-value" value="-fall"/>
	<param name="D-value" value=""/>
	<param name="oldImplBase-value" value=""/>
	<param name="pkg-translate" value=""/>
	<param name="pkg-prefixes" value=""/>
	<param name="idl-value" value="${test.src.dir}/corba/hcks/hcks.idl"/>
	<param name="idl-gensrc-dir" value="${test-gensrc.dir}/corba/hcks"/>
	<param name="generated-files" value="*.java"/>
    </antcall>
    <antcall target="call-idl" inheritAll="true" inheritRefs="true">
	<param name="td-value" value="-td ${test-gensrc.dir}"/>
	<param name="includes-value" value=""/>
	<param name="corba-value" value=""/>
	<param name="fall-value" value="-fallTIE"/>
	<param name="D-value" value=""/>
	<param name="oldImplBase-value" value=""/>
	<param name="pkg-translate" value=""/>
	<param name="pkg-prefixes" value=""/>
	<param name="idl-value" value="${test.src.dir}/corba/hcks/hcks.idl"/>
	<param name="idl-gensrc-dir" value="${test-gensrc.dir}/corba/hcks"/>
	<param name="generated-files" value="*POATie.java"/>
    </antcall>
    <antcall target="call-idl" inheritAll="true" inheritRefs="true">
	<param name="td-value" value="-td ${test-gensrc.dir}"/>
	<param name="includes-value" value=""/>
	<param name="corba-value" value=""/>
	<param name="fall-value" value="-fall"/>
	<param name="D-value" value=""/>
	<param name="oldImplBase-value" value="-oldImplBase"/>
	<param name="pkg-translate" value=""/>
	<param name="pkg-prefixes" value=""/>
	<param name="idl-value" value="${test.src.dir}/corba/hcks/hcks.idl"/>
	<param name="idl-gensrc-dir" value="${test-gensrc.dir}/corba/hcks"/>
	<param name="generated-files" value="_*ImplBase.java"/>
    </antcall>
    <antcall target="call-idl" inheritAll="true" inheritRefs="true">
	<param name="td-value" value="-td ${test-gensrc.dir}"/>
	<param name="includes-value" value=""/>
	<param name="corba-value" value=""/>
	<param name="fall-value" value="-fallTIE"/>
	<param name="D-value" value=""/>
	<param name="oldImplBase-value" value="-oldImplBase"/>
	<param name="pkg-translate" value=""/>
	<param name="pkg-prefixes" value=""/>
	<param name="idl-value" value="${test.src.dir}/corba/hcks/hcks.idl"/>
	<param name="idl-gensrc-dir" value="${test-gensrc.dir}/corba/hcks"/>
	<param name="generated-files" value="*_Tie.java"/>
    </antcall>
    <antcall target="call-idl" inheritAll="true" inheritRefs="true">
	<param name="td-value" value="-td ${test-gensrc.dir}"/>
	<param name="includes-value" value=""/>
	<param name="corba-value" value=""/>
	<param name="fall-value" value="-fall"/>
	<param name="D-value" value=""/>
	<param name="oldImplBase-value" value=""/>
	<param name="pkg-translate" value=""/>
	<param name="pkg-prefixes" value=""/>
	<param name="idl-value" value="${test.src.dir}/corba/exceptiondetailsc/idlI.idl"/>
	<param name="idl-gensrc-dir" value="${test-gensrc.dir}/corba/exceptiondetailsc"/>
	<param name="generated-files" value="*.java"/>
    </antcall>
    <antcall target="call-idl" inheritAll="true" inheritRefs="true">
	<param name="td-value" value="-td ${test-gensrc.dir}"/>
	<param name="includes-value" value=""/>
	<param name="corba-value" value=""/>
	<param name="fall-value" value="-fallTIE"/>
	<param name="D-value" value=""/>
	<param name="oldImplBase-value" value=""/>
	<param name="pkg-translate" value=""/>
	<param name="pkg-prefixes" value=""/>
	<param name="idl-value" value="${test.src.dir}/corba/exceptiondetailsc/idlI.idl"/>
	<param name="idl-gensrc-dir" value="${test-gensrc.dir}/corba/exceptiondetailsc"/>
	<param name="generated-files" value="*POATie.java"/>
    </antcall>
    <antcall target="call-idl" inheritAll="true" inheritRefs="true">
	<param name="td-value" value="-td ${test-gensrc.dir}"/>
	<param name="includes-value" value=""/>
	<param name="corba-value" value=""/>
	<param name="fall-value" value="-fall"/>
	<param name="D-value" value=""/>
	<param name="oldImplBase-value" value="-oldImplBase"/>
	<param name="pkg-translate" value=""/>
	<param name="pkg-prefixes" value=""/>
	<param name="idl-value" value="${test.src.dir}/corba/exceptiondetailsc/idlI.idl"/>
	<param name="idl-gensrc-dir" value="${test-gensrc.dir}/corba/exceptiondetailsc"/>
	<param name="generated-files" value="_*ImplBase.java"/>
    </antcall>
    <antcall target="call-idl" inheritAll="true" inheritRefs="true">
	<param name="td-value" value="-td ${test-gensrc.dir}"/>
	<param name="includes-value" value=""/>
	<param name="corba-value" value=""/>
	<param name="fall-value" value="-fallTIE"/>
	<param name="D-value" value=""/>
	<param name="oldImplBase-value" value="-oldImplBase"/>
	<param name="pkg-translate" value=""/>
	<param name="pkg-prefixes" value=""/>
	<param name="idl-value" value="${test.src.dir}/corba/exceptiondetailsc/idlI.idl"/>
	<param name="idl-gensrc-dir" value="${test-gensrc.dir}/corba/exceptiondetailsc"/>
	<param name="generated-files" value="*_Tie.java"/>
    </antcall>
    <antcall target="call-idl" inheritAll="true" inheritRefs="true">
	<param name="td-value" value="-td ${test-gensrc.dir}"/>
	<param name="includes-value" value=""/>
	<param name="corba-value" value=""/>
	<param name="fall-value" value="-fall"/>
	<param name="D-value" value=""/>
	<param name="oldImplBase-value" value=""/>
	<param name="pkg-translate" value=""/>
	<param name="pkg-prefixes" value=""/>
	<param name="idl-value" value="${test.src.dir}/corba/islocal/idlI.idl"/>
	<param name="idl-gensrc-dir" value="${test-gensrc.dir}/corba/islocal"/>
	<param name="generated-files" value="*.java"/>
    </antcall>
    <antcall target="call-idl" inheritAll="true" inheritRefs="true">
	<param name="td-value" value="-td ${test-gensrc.dir}"/>
	<param name="includes-value" value=""/>
	<param name="corba-value" value=""/>
	<param name="fall-value" value="-fallTIE"/>
	<param name="D-value" value=""/>
	<param name="oldImplBase-value" value=""/>
	<param name="pkg-translate" value=""/>
	<param name="pkg-prefixes" value=""/>
	<param name="idl-value" value="${test.src.dir}/corba/islocal/idlI.idl"/>
	<param name="idl-gensrc-dir" value="${test-gensrc.dir}/corba/islocal"/>
	<param name="generated-files" value="*POATie.java"/>
    </antcall>
    <antcall target="call-idl" inheritAll="true" inheritRefs="true">
	<param name="td-value" value="-td ${test-gensrc.dir}"/>
	<param name="includes-value" value=""/>
	<param name="corba-value" value=""/>
	<param name="fall-value" value="-fall"/>
	<param name="D-value" value=""/>
	<param name="oldImplBase-value" value="-oldImplBase"/>
	<param name="pkg-translate" value=""/>
	<param name="pkg-prefixes" value=""/>
	<param name="idl-value" value="${test.src.dir}/corba/islocal/idlI.idl"/>
	<param name="idl-gensrc-dir" value="${test-gensrc.dir}/corba/islocal"/>
	<param name="generated-files" value="_*ImplBase.java"/>
    </antcall>
    <antcall target="call-idl" inheritAll="true" inheritRefs="true">
	<param name="td-value" value="-td ${test-gensrc.dir}"/>
	<param name="includes-value" value=""/>
	<param name="corba-value" value=""/>
	<param name="fall-value" value="-fallTIE"/>
	<param name="D-value" value=""/>
	<param name="oldImplBase-value" value="-oldImplBase"/>
	<param name="pkg-translate" value=""/>
	<param name="pkg-prefixes" value=""/>
	<param name="idl-value" value="${test.src.dir}/corba/islocal/idlI.idl"/>
	<param name="idl-gensrc-dir" value="${test-gensrc.dir}/corba/islocal"/>
	<param name="generated-files" value="*_Tie.java"/>
    </antcall>
    <antcall target="call-idl" inheritAll="true" inheritRefs="true">
	<param name="td-value" value="-td ${test-gensrc.dir}"/>
	<param name="includes-value" value=""/>
	<param name="corba-value" value=""/>
	<param name="fall-value" value="-fall"/>
	<param name="D-value" value=""/>
	<param name="oldImplBase-value" value=""/>
	<param name="pkg-translate" value=""/>
	<param name="pkg-prefixes" value=""/>
	<param name="idl-value" value="${test.src.dir}/corba/iorintsockfact/iorintsockfact.idl"/>
	<param name="idl-gensrc-dir" value="${test-gensrc.dir}/corba/iorintsockfact"/>
	<param name="generated-files" value="*.java"/>
    </antcall>
    <antcall target="call-idl" inheritAll="true" inheritRefs="true">
	<param name="td-value" value="-td ${test-gensrc.dir}"/>
	<param name="includes-value" value=""/>
	<param name="corba-value" value=""/>
	<param name="fall-value" value="-fallTIE"/>
	<param name="D-value" value=""/>
	<param name="oldImplBase-value" value=""/>
	<param name="pkg-translate" value=""/>
	<param name="pkg-prefixes" value=""/>
	<param name="idl-value" value="${test.src.dir}/corba/iorintsockfact/iorintsockfact.idl"/>
	<param name="idl-gensrc-dir" value="${test-gensrc.dir}/corba/iorintsockfact"/>
	<param name="generated-files" value="*POATie.java"/>
    </antcall>
    <antcall target="call-idl" inheritAll="true" inheritRefs="true">
	<param name="td-value" value="-td ${test-gensrc.dir}"/>
	<param name="includes-value" value=""/>
	<param name="corba-value" value=""/>
	<param name="fall-value" value="-fall"/>
	<param name="D-value" value=""/>
	<param name="oldImplBase-value" value="-oldImplBase"/>
	<param name="pkg-translate" value=""/>
	<param name="pkg-prefixes" value=""/>
	<param name="idl-value" value="${test.src.dir}/corba/iorintsockfact/iorintsockfact.idl"/>
	<param name="idl-gensrc-dir" value="${test-gensrc.dir}/corba/iorintsockfact"/>
	<param name="generated-files" value="_*ImplBase.java"/>
    </antcall>
    <antcall target="call-idl" inheritAll="true" inheritRefs="true">
	<param name="td-value" value="-td ${test-gensrc.dir}"/>
	<param name="includes-value" value=""/>
	<param name="corba-value" value=""/>
	<param name="fall-value" value="-fallTIE"/>
	<param name="D-value" value=""/>
	<param name="oldImplBase-value" value="-oldImplBase"/>
	<param name="pkg-translate" value=""/>
	<param name="pkg-prefixes" value=""/>
	<param name="idl-value" value="${test.src.dir}/corba/iorintsockfact/iorintsockfact.idl"/>
	<param name="idl-gensrc-dir" value="${test-gensrc.dir}/corba/iorintsockfact"/>
	<param name="generated-files" value="*_Tie.java"/>
    </antcall>
    <antcall target="call-idl" inheritAll="true" inheritRefs="true">
	<param name="td-value" value="-td ${test-gensrc.dir}"/>
	<param name="includes-value" value=""/>
	<param name="corba-value" value=""/>
	<param name="fall-value" value="-fall"/>
	<param name="D-value" value=""/>
	<param name="oldImplBase-value" value=""/>
	<param name="pkg-translate" value=""/>
	<param name="pkg-prefixes" value=""/>
	<param name="idl-value" value="${test.src.dir}/corba/pept/idlI.idl"/>
	<param name="idl-gensrc-dir" value="${test-gensrc.dir}/corba/pept"/>
	<param name="generated-files" value="*.java"/>
    </antcall>
    <antcall target="call-idl" inheritAll="true" inheritRefs="true">
	<param name="td-value" value="-td ${test-gensrc.dir}"/>
	<param name="includes-value" value=""/>
	<param name="corba-value" value=""/>
	<param name="fall-value" value="-fallTIE"/>
	<param name="D-value" value=""/>
	<param name="oldImplBase-value" value=""/>
	<param name="pkg-translate" value=""/>
	<param name="pkg-prefixes" value=""/>
	<param name="idl-value" value="${test.src.dir}/corba/pept/idlI.idl"/>
	<param name="idl-gensrc-dir" value="${test-gensrc.dir}/corba/pept"/>
	<param name="generated-files" value="*POATie.java"/>
    </antcall>
    <antcall target="call-idl" inheritAll="true" inheritRefs="true">
	<param name="td-value" value="-td ${test-gensrc.dir}"/>
	<param name="includes-value" value=""/>
	<param name="corba-value" value=""/>
	<param name="fall-value" value="-fall"/>
	<param name="D-value" value=""/>
	<param name="oldImplBase-value" value="-oldImplBase"/>
	<param name="pkg-translate" value=""/>
	<param name="pkg-prefixes" value=""/>
	<param name="idl-value" value="${test.src.dir}/corba/pept/idlI.idl"/>
	<param name="idl-gensrc-dir" value="${test-gensrc.dir}/corba/pept"/>
	<param name="generated-files" value="_*ImplBase.java"/>
    </antcall>
    <antcall target="call-idl" inheritAll="true" inheritRefs="true">
	<param name="td-value" value="-td ${test-gensrc.dir}"/>
	<param name="includes-value" value=""/>
	<param name="corba-value" value=""/>
	<param name="fall-value" value="-fallTIE"/>
	<param name="D-value" value=""/>
	<param name="oldImplBase-value" value="-oldImplBase"/>
	<param name="pkg-translate" value=""/>
	<param name="pkg-prefixes" value=""/>
	<param name="idl-value" value="${test.src.dir}/corba/pept/idlI.idl"/>
	<param name="idl-gensrc-dir" value="${test-gensrc.dir}/corba/pept"/>
	<param name="generated-files" value="*_Tie.java"/>
    </antcall>
    <antcall target="call-idl" inheritAll="true" inheritRefs="true">
	<param name="td-value" value="-td ${test-gensrc.dir}"/>
	<param name="includes-value" value=""/>
	<param name="corba-value" value=""/>
	<param name="fall-value" value="-fall"/>
	<param name="D-value" value=""/>
	<param name="oldImplBase-value" value=""/>
	<param name="pkg-translate" value=""/>
	<param name="pkg-prefixes" value=""/>
	<param name="idl-value" value="${test.src.dir}/corba/purgecalls/purgecalls.idl"/>
	<param name="idl-gensrc-dir" value="${test-gensrc.dir}/corba/purgecalls"/>
	<param name="generated-files" value="*.java"/>
    </antcall>
    <antcall target="call-idl" inheritAll="true" inheritRefs="true">
	<param name="td-value" value="-td ${test-gensrc.dir}"/>
	<param name="includes-value" value=""/>
	<param name="corba-value" value=""/>
	<param name="fall-value" value="-fallTIE"/>
	<param name="D-value" value=""/>
	<param name="oldImplBase-value" value=""/>
	<param name="pkg-translate" value=""/>
	<param name="pkg-prefixes" value=""/>
	<param name="idl-value" value="${test.src.dir}/corba/purgecalls/purgecalls.idl"/>
	<param name="idl-gensrc-dir" value="${test-gensrc.dir}/corba/purgecalls"/>
	<param name="generated-files" value="*POATie.java"/>
    </antcall>
    <antcall target="call-idl" inheritAll="true" inheritRefs="true">
	<param name="td-value" value="-td ${test-gensrc.dir}"/>
	<param name="includes-value" value=""/>
	<param name="corba-value" value=""/>
	<param name="fall-value" value="-fall"/>
	<param name="D-value" value=""/>
	<param name="oldImplBase-value" value="-oldImplBase"/>
	<param name="pkg-translate" value=""/>
	<param name="pkg-prefixes" value=""/>
	<param name="idl-value" value="${test.src.dir}/corba/purgecalls/purgecalls.idl"/>
	<param name="idl-gensrc-dir" value="${test-gensrc.dir}/corba/purgecalls"/>
	<param name="generated-files" value="_*ImplBase.java"/>
    </antcall>
    <antcall target="call-idl" inheritAll="true" inheritRefs="true">
	<param name="td-value" value="-td ${test-gensrc.dir}"/>
	<param name="includes-value" value=""/>
	<param name="corba-value" value=""/>
	<param name="fall-value" value="-fallTIE"/>
	<param name="D-value" value=""/>
	<param name="oldImplBase-value" value="-oldImplBase"/>
	<param name="pkg-translate" value=""/>
	<param name="pkg-prefixes" value=""/>
	<param name="idl-value" value="${test.src.dir}/corba/purgecalls/purgecalls.idl"/>
	<param name="idl-gensrc-dir" value="${test-gensrc.dir}/corba/purgecalls"/>
	<param name="generated-files" value="*_Tie.java"/>
    </antcall>
    <antcall target="call-idl" inheritAll="true" inheritRefs="true">
	<param name="td-value" value="-td ${test-gensrc.dir}"/>
	<param name="includes-value" value=""/>
	<param name="corba-value" value=""/>
	<param name="fall-value" value="-fall"/>
	<param name="D-value" value=""/>
	<param name="oldImplBase-value" value=""/>
	<param name="pkg-translate" value=""/>
	<param name="pkg-prefixes" value=""/>
	<param name="idl-value" value="${test.src.dir}/corba/genericRPCMSGFramework/g.idl"/>
	<param name="idl-gensrc-dir" value="${test-gensrc.dir}/corba/genericRPCMSGFramework/"/>
	<param name="generated-files" value="*.java"/>
    </antcall>
    <antcall target="call-idl" inheritAll="true" inheritRefs="true">
	<param name="td-value" value="-td ${test-gensrc.dir}"/>
	<param name="includes-value" value=""/>
	<param name="corba-value" value=""/>
	<param name="fall-value" value="-fallTIE"/>
	<param name="D-value" value=""/>
	<param name="oldImplBase-value" value=""/>
	<param name="pkg-translate" value=""/>
	<param name="pkg-prefixes" value=""/>
	<param name="idl-value" value="${test.src.dir}/corba/genericRPCMSGFramework/g.idl"/>
	<param name="idl-gensrc-dir" value="${test-gensrc.dir}/corba/genericRPCMSGFramework/"/>
	<param name="generated-files" value="*POATie.java"/>
    </antcall>
    <antcall target="call-idl" inheritAll="true" inheritRefs="true">
	<param name="td-value" value="-td ${test-gensrc.dir}"/>
	<param name="includes-value" value=""/>
	<param name="corba-value" value=""/>
	<param name="fall-value" value="-fall"/>
	<param name="D-value" value=""/>
	<param name="oldImplBase-value" value="-oldImplBase"/>
	<param name="pkg-translate" value=""/>
	<param name="pkg-prefixes" value=""/>
	<param name="idl-value" value="${test.src.dir}/corba/genericRPCMSGFramework/g.idl"/>
	<param name="idl-gensrc-dir" value="${test-gensrc.dir}/corba/genericRPCMSGFramework/"/>
	<param name="generated-files" value="_*ImplBase.java"/>
    </antcall>
    <antcall target="call-idl" inheritAll="true" inheritRefs="true">
	<param name="td-value" value="-td ${test-gensrc.dir}"/>
	<param name="includes-value" value=""/>
	<param name="corba-value" value=""/>
	<param name="fall-value" value="-fallTIE"/>
	<param name="D-value" value=""/>
	<param name="oldImplBase-value" value="-oldImplBase"/>
	<param name="pkg-translate" value=""/>
	<param name="pkg-prefixes" value=""/>
	<param name="idl-value" value="${test.src.dir}/corba/genericRPCMSGFramework/g.idl"/>
	<param name="idl-gensrc-dir" value="${test-gensrc.dir}/corba/genericRPCMSGFramework/"/>
	<param name="generated-files" value="*_Tie.java"/>
    </antcall>
    <antcall target="call-idl" inheritAll="true" inheritRefs="true">
	<param name="td-value" value="-td ${test-gensrc.dir}"/>
	<param name="includes-value" value=""/>
	<param name="corba-value" value=""/>
	<param name="fall-value" value="-fall"/>
	<param name="D-value" value=""/>
	<param name="oldImplBase-value" value=""/>
	<param name="pkg-translate" value=""/>
	<param name="pkg-prefixes" value=""/>
	<param name="idl-value" value="${test.src.dir}/mantis/m4764130/SendingContext.idl"/>
	<param name="idl-gensrc-dir" value="${test-gensrc.dir}/mantis/m4764130"/>
	<param name="generated-files" value="*.java"/>
    </antcall>
    <antcall target="call-idl" inheritAll="true" inheritRefs="true">
	<param name="td-value" value="-td ${test-gensrc.dir}"/>
	<param name="includes-value" value=""/>
	<param name="corba-value" value=""/>
	<param name="fall-value" value="-fallTIE"/>
	<param name="D-value" value=""/>
	<param name="oldImplBase-value" value=""/>
	<param name="pkg-translate" value=""/>
	<param name="pkg-prefixes" value=""/>
	<param name="idl-value" value="${test.src.dir}/mantis/m4764130/SendingContext.idl"/>
	<param name="idl-gensrc-dir" value="${test-gensrc.dir}/mantis/m4764130"/>
	<param name="generated-files" value="*POATie.java"/>
    </antcall>
    <antcall target="call-idl" inheritAll="true" inheritRefs="true">
	<param name="td-value" value="-td ${test-gensrc.dir}"/>
	<param name="includes-value" value=""/>
	<param name="corba-value" value=""/>
	<param name="fall-value" value="-fall"/>
	<param name="D-value" value=""/>
	<param name="oldImplBase-value" value=""/>
	<param name="pkg-translate" value=""/>
	<param name="pkg-prefixes" value=""/>
	<param name="idl-value" value="${test.src.dir}/pi/codec/codec.idl"/>
	<param name="idl-gensrc-dir" value="${test-gensrc.dir}/pi/codec"/>
	<param name="generated-files" value="*POATie.java"/>
    </antcall>
    <antcall target="call-idl" inheritAll="true" inheritRefs="true">
	<param name="td-value" value="-td ${test-gensrc.dir}"/>
	<param name="includes-value" value=""/>
	<param name="corba-value" value=""/>
	<param name="fall-value" value="-fall"/>
	<param name="D-value" value=""/>
	<param name="oldImplBase-value" value=""/>
	<param name="pkg-translate" value=""/>
	<param name="pkg-prefixes" value=""/>
	<param name="idl-value" value="${test.src.dir}/pi/serviceexample/serviceexample.idl"/>
	<param name="idl-gensrc-dir" value="${test-gensrc.dir}/pi/serviceexample"/>
	<param name="generated-files" value="*POATie.java"/>
    </antcall>
    <antcall target="call-idl" inheritAll="true" inheritRefs="true">
	<param name="td-value" value="-td ${test-gensrc.dir}"/>
	<param name="includes-value" value=""/>
	<param name="corba-value" value=""/>
	<param name="fall-value" value="-fall"/>
	<param name="D-value" value=""/>
	<param name="oldImplBase-value" value=""/>
	<param name="pkg-translate" value=""/>
	<param name="pkg-prefixes" value=""/>
	<param name="idl-value" value="${test.src.dir}/pi/ort/iorinterceptor.idl"/>
	<param name="idl-gensrc-dir" value="${test-gensrc.dir}/pi/ort"/>
	<param name="generated-files" value="*POATie.java"/>
    </antcall>
    <antcall target="call-idl" inheritAll="true" inheritRefs="true">
	<param name="td-value" value="-td ${test-gensrc.dir}"/>
	<param name="includes-value" value=""/>
	<param name="corba-value" value=""/>
	<param name="fall-value" value="-fall"/>
	<param name="D-value" value=""/>
	<param name="oldImplBase-value" value="-oldImplBase"/>
	<param name="pkg-translate" value=""/>
	<param name="pkg-prefixes" value=""/>
	<param name="idl-value" value="${test.src.dir}/pi/picurrent/hello.idl"/>
	<param name="idl-gensrc-dir" value="${test-gensrc.dir}/pi/picurrent"/>
	<param name="generated-files" value="*POATie.java"/>
    </antcall>
    <antcall target="call-idl" inheritAll="true" inheritRefs="true">
	<param name="td-value" value="-td ${test-gensrc.dir}"/>
	<param name="includes-value" value=""/>
	<param name="corba-value" value=""/>
	<param name="fall-value" value="-fall"/>
	<param name="D-value" value=""/>
	<param name="oldImplBase-value" value="-oldImplBase"/>
	<param name="pkg-translate" value=""/>
	<param name="pkg-prefixes" value=""/>
	<param name="idl-value" value="${test.src.dir}/pi/orbinit/orbinit.idl"/>
	<param name="idl-gensrc-dir" value="${test-gensrc.dir}/pi/orbinit"/>
	<param name="generated-files" value="*POATie.java"/>
    </antcall>
    <antcall target="call-idl" inheritAll="true" inheritRefs="true">
	<param name="td-value" value="-td ${test-gensrc.dir}"/>
	<param name="includes-value" value=""/>
	<param name="corba-value" value=""/>
	<param name="fall-value" value="-fall"/>
	<param name="D-value" value=""/>
	<param name="oldImplBase-value" value=""/>
	<param name="pkg-translate" value=""/>
	<param name="pkg-prefixes" value=""/>
	<param name="idl-value" value="${test.src.dir}/pi/iorinterceptor/iorinterceptor.idl"/>
	<param name="idl-gensrc-dir" value="${test-gensrc.dir}/pi/iorinterceptor"/>
	<param name="generated-files" value="*POATie.java"/>
    </antcall>
    <antcall target="call-idl" inheritAll="true" inheritRefs="true">
	<param name="td-value" value="-td ${test-gensrc.dir}"/>
	<param name="includes-value" value=""/>
	<param name="corba-value" value=""/>
	<param name="fall-value" value="-fall"/>
	<param name="D-value" value=""/>
	<param name="oldImplBase-value" value=""/>
	<param name="pkg-translate" value=""/>
	<param name="pkg-prefixes" value=""/>
	<param name="idl-value" value="${test.src.dir}/pi/clientinterceptor/clientinterceptor.idl"/>
	<param name="idl-gensrc-dir" value="${test-gensrc.dir}/pi/clientinterceptor"/>
	<param name="generated-files" value="*POATie.java"/>
    </antcall>
    <antcall target="call-idl" inheritAll="true" inheritRefs="true">
	<param name="td-value" value="-td ${test-gensrc.dir}"/>
	<param name="includes-value" value=""/>
	<param name="corba-value" value=""/>
	<param name="fall-value" value="-fall"/>
	<param name="D-value" value=""/>
	<param name="oldImplBase-value" value="-oldImplBase"/>
	<param name="pkg-translate" value=""/>
	<param name="pkg-prefixes" value=""/>
	<param name="idl-value" value="${test.src.dir}/pi/clientinterceptor/clientinterceptor.idl"/>
	<param name="idl-gensrc-dir" value="${test-gensrc.dir}/pi/clientinterceptor"/>
	<param name="generated-files" value="_*ImplBase.java"/>
    </antcall>
    <antcall target="call-idl" inheritAll="true" inheritRefs="true">
	<param name="td-value" value="-td ${test-gensrc.dir}"/>
	<param name="includes-value" value=""/>
	<param name="corba-value" value=""/>
	<param name="fall-value" value="-fall"/>
	<param name="D-value" value=""/>
	<param name="oldImplBase-value" value=""/>
	<param name="pkg-translate" value=""/>
	<param name="pkg-prefixes" value=""/>
	<param name="idl-value" value="${test.src.dir}/pi/clientrequestinfo/clientrequestinfo.idl"/>
	<param name="idl-gensrc-dir" value="${test-gensrc.dir}/pi/clientrequestinfo"/>
	<param name="generated-files" value="*POATie.java"/>
    </antcall>
    <antcall target="call-idl" inheritAll="true" inheritRefs="true">
	<param name="td-value" value="-td ${test-gensrc.dir}"/>
	<param name="includes-value" value=""/>
	<param name="corba-value" value=""/>
	<param name="fall-value" value="-fall"/>
	<param name="D-value" value=""/>
	<param name="oldImplBase-value" value="-oldImplBase"/>
	<param name="pkg-translate" value=""/>
	<param name="pkg-prefixes" value=""/>
	<param name="idl-value" value="${test.src.dir}/pi/clientrequestinfo/clientrequestinfo.idl"/>
	<param name="idl-gensrc-dir" value="${test-gensrc.dir}/pi/clientrequestinfo"/>
	<param name="generated-files" value="_*ImplBase.java"/>
    </antcall>
    <antcall target="call-idl" inheritAll="true" inheritRefs="true">
	<param name="td-value" value="-td ${test-gensrc.dir}"/>
	<param name="includes-value" value=""/>
	<param name="corba-value" value=""/>
	<param name="fall-value" value="-fallTIE"/>
	<param name="D-value" value=""/>
	<param name="oldImplBase-value" value=""/>
	<param name="pkg-translate" value=""/>
	<param name="pkg-prefixes" value=""/>
	<param name="idl-value" value="${test.src.dir}/pi/serverrequestinfo/serverrequestinfo.idl"/>
	<param name="idl-gensrc-dir" value="${test-gensrc.dir}/pi/serverrequestinfo"/>
	<param name="generated-files" value="*POATie.java"/>
    </antcall>
    <antcall target="call-idl" inheritAll="true" inheritRefs="true">
	<param name="td-value" value="-td ${test-gensrc.dir}"/>
	<param name="includes-value" value="-i ${src.dir}/org/omg/PortableServer -i ${src.dir}/org/omg/IOP -i ${src.dir}/org/omg/Messaging -i ${src.dir}/org/omg/CORBA -i ${src.dir}/org/omg/PortableInterceptor"/>
	<param name="corba-value" value="-corba 3.0"/>
	<param name="fall-value" value="-fallTIE"/>
	<param name="D-value" value="-D CORBA3"/>
	<param name="oldImplBase-value" value=""/>
	<param name="pkg-translate" value=""/>
	<param name="pkg-prefixes" value="-pkgPrefix PortableInterceptor org.omg -pkgPrefix IOP org.omg -pkgPrefix Messaging org.omg"/>
	<param name="idl-value" value="${test.src.dir}/pi/serverinterceptor/serverinterceptor.idl"/>
	<param name="idl-gensrc-dir" value="${test-gensrc.dir}/pi/serverinterceptor"/>
	<param name="generated-files" value="*POATie.java"/>
    </antcall>
    <antcall target="call-idl" inheritAll="true" inheritRefs="true">
	<param name="td-value" value="-td ${test-gensrc.dir}"/>
	<param name="includes-value" value=""/>
	<param name="corba-value" value=""/>
	<param name="fall-value" value="-fall"/>
	<param name="D-value" value=""/>
	<param name="oldImplBase-value" value=""/>
	<param name="pkg-translate" value=""/>
	<param name="pkg-prefixes" value=""/>
	<param name="idl-value" value="${test.src.dir}/corba/adapteractivator/hello.idl"/>
	<param name="idl-gensrc-dir" value="${test-gensrc.dir}/corba/adapteractivator"/>
	<param name="generated-files" value="*POATie.java"/>
    </antcall>
    <antcall target="call-idl" inheritAll="true" inheritRefs="true">
	<param name="td-value" value="-td ${test-gensrc.dir}"/>
	<param name="includes-value" value=""/>
	<param name="corba-value" value=""/>
	<param name="fall-value" value="-fall"/>
	<param name="D-value" value=""/>
	<param name="oldImplBase-value" value=""/>
	<param name="pkg-translate" value=""/>
	<param name="pkg-prefixes" value=""/>
	<param name="idl-value" value="${test.src.dir}/corba/codeset/codeset.idl"/>
	<param name="idl-gensrc-dir" value="${test-gensrc.dir}/corba/codeset"/>
	<param name="generated-files" value="*POATie.java"/>
    </antcall>
    <antcall target="call-idl" inheritAll="true" inheritRefs="true">
	<param name="td-value" value="-td ${test-gensrc.dir}"/>
	<param name="includes-value" value=""/>
	<param name="corba-value" value=""/>
	<param name="fall-value" value="-fall"/>
	<param name="D-value" value=""/>
	<param name="oldImplBase-value" value=""/>
	<param name="pkg-translate" value=""/>
	<param name="pkg-prefixes" value=""/>
	<param name="idl-value" value="${test.src.dir}/corba/fwddecl/legal.idl"/>
	<param name="idl-gensrc-dir" value="${test-gensrc.dir}/corba/fwddecl"/>
	<param name="generated-files" value="*POATie.java"/>
    </antcall>
    <antcall target="call-idl" inheritAll="true" inheritRefs="true">
	<param name="td-value" value="-td ${test-gensrc.dir}"/>
	<param name="includes-value" value=""/>
	<param name="corba-value" value=""/>
	<param name="fall-value" value="-fall"/>
	<param name="D-value" value=""/>
	<param name="oldImplBase-value" value=""/>
	<param name="pkg-translate" value=""/>
	<param name="pkg-prefixes" value=""/>
	<param name="idl-value" value="${test.src.dir}/corba/copyobject/typecode.idl"/>
	<param name="idl-gensrc-dir" value="${test-gensrc.dir}/copyobject/fwddecl"/>
	<param name="generated-files" value="*POATie.java"/>
    </antcall>
    <antcall target="call-idl" inheritAll="true" inheritRefs="true">
	<param name="td-value" value="-td ${test-gensrc.dir}"/>
	<param name="includes-value" value=""/>
	<param name="corba-value" value=""/>
	<param name="fall-value" value="-fall"/>
	<param name="D-value" value=""/>
	<param name="oldImplBase-value" value=""/>
	<param name="pkg-translate" value=""/>
	<param name="pkg-prefixes" value=""/>
	<param name="idl-value" value="${test.src.dir}/corba/multiorb/policy2.idl"/>
	<param name="idl-gensrc-dir" value="${test-gensrc.dir}/corba/multiorb"/>
	<param name="generated-files" value="*POATie.java"/>
    </antcall>
    <antcall target="call-idl" inheritAll="true" inheritRefs="true">
	<param name="td-value" value="-td ${test-gensrc.dir}"/>
	<param name="includes-value" value=""/>
	<param name="corba-value" value=""/>
	<param name="fall-value" value="-fall"/>
	<param name="D-value" value=""/>
	<param name="oldImplBase-value" value="-oldImplBase"/>
	<param name="pkg-translate" value=""/>
	<param name="pkg-prefixes" value=""/>
	<param name="idl-value" value="${test.src.dir}/corba/oneway/hello.idl"/>
	<param name="idl-gensrc-dir" value="${test-gensrc.dir}/corba/oneway"/>
	<param name="generated-files" value="*POATie.java"/>
    </antcall>
    <antcall target="call-idl" inheritAll="true" inheritRefs="true">
	<param name="td-value" value="-td ${test-gensrc.dir}"/>
	<param name="includes-value" value=""/>
	<param name="corba-value" value=""/>
	<param name="fall-value" value="-fall"/>
	<param name="D-value" value=""/>
	<param name="oldImplBase-value" value=""/>
	<param name="pkg-translate" value=""/>
	<param name="pkg-prefixes" value=""/>
	<param name="idl-value" value="${test.src.dir}/corba/poaandequals/Wombat.idl"/>
	<param name="idl-gensrc-dir" value="${test-gensrc.dir}/corba/poaandequals"/>
	<param name="generated-files" value="*POATie.java"/>
    </antcall>
    <antcall target="call-idl" inheritAll="true" inheritRefs="true">
	<param name="td-value" value="-td ${test-gensrc.dir}"/>
	<param name="includes-value" value=""/>
	<param name="corba-value" value=""/>
	<param name="fall-value" value="-fall"/>
	<param name="D-value" value=""/>
	<param name="oldImplBase-value" value=""/>
	<param name="pkg-translate" value=""/>
	<param name="pkg-prefixes" value=""/>
	<param name="idl-value" value="${test.src.dir}/corba/poacallback/idlI1.idl"/>
	<param name="idl-gensrc-dir" value="${test-gensrc.dir}/corba/poacallback"/>
	<param name="generated-files" value="*POATie.java"/>
    </antcall>
    <antcall target="call-idl" inheritAll="true" inheritRefs="true">
	<param name="td-value" value="-td ${test-gensrc.dir}"/>
	<param name="includes-value" value=""/>
	<param name="corba-value" value=""/>
	<param name="fall-value" value="-fall"/>
	<param name="D-value" value=""/>
	<param name="oldImplBase-value" value=""/>
	<param name="pkg-translate" value=""/>
	<param name="pkg-prefixes" value=""/>
	<param name="idl-value" value="${test.src.dir}/corba/poacallback/idlI2.idl"/>
	<param name="idl-gensrc-dir" value="${test-gensrc.dir}/corba/poacallback"/>
	<param name="generated-files" value="*POATie.java"/>
    </antcall>
    <antcall target="call-idl" inheritAll="true" inheritRefs="true">
	<param name="td-value" value="-td ${test-gensrc.dir}"/>
	<param name="includes-value" value="-i ${src.dir}/org/omg/PortableServer -i ${src.dir}/org/omg/PortableInterceptor"/>
	<param name="corba-value" value="-corba 3.0"/>
	<param name="fall-value" value="-fall"/>
	<param name="D-value" value="-D CORBA3"/>
	<param name="oldImplBase-value" value=""/>
	<param name="pkg-translate" value=""/>
	<param name="pkg-prefixes" value="-pkgPrefix PortableServer org.omg"/>
	<param name="idl-value" value="${test.src.dir}/corba/poamanager/Hello.idl"/>
	<param name="idl-gensrc-dir" value="${test-gensrc.dir}/corba/poamanager"/>
	<param name="generated-files" value="*POATie.java"/>
    </antcall>
    <antcall target="call-idl" inheritAll="true" inheritRefs="true">
	<param name="td-value" value="-td ${test-gensrc.dir}"/>
	<param name="includes-value" value=""/>
	<param name="corba-value" value=""/>
	<param name="fall-value" value="-fall"/>
	<param name="D-value" value=""/>
	<param name="oldImplBase-value" value=""/>
	<param name="pkg-translate" value=""/>
	<param name="pkg-prefixes" value=""/>
	<param name="idl-value" value="${test.src.dir}/corba/poapolicies/Hello.idl"/>
	<param name="idl-gensrc-dir" value="${test-gensrc.dir}/corba/poapolicies"/>
	<param name="generated-files" value="*POATie.java"/>
    </antcall>
    <antcall target="call-idl" inheritAll="true" inheritRefs="true">
	<param name="td-value" value="-td ${test-gensrc.dir}"/>
	<param name="includes-value" value=""/>
	<param name="corba-value" value=""/>
	<param name="fall-value" value="-fall"/>
	<param name="D-value" value=""/>
	<param name="oldImplBase-value" value=""/>
	<param name="pkg-translate" value=""/>
	<param name="pkg-prefixes" value=""/>
	<param name="idl-value" value="${test.src.dir}/corba/poatest/hello.idl"/>
	<param name="idl-gensrc-dir" value="${test-gensrc.dir}/corba/poatest"/>
	<param name="generated-files" value="*POATie.java"/>
    </antcall>
    <antcall target="call-idl" inheritAll="true" inheritRefs="true">
	<param name="td-value" value="-td ${test-gensrc.dir}"/>
	<param name="includes-value" value=""/>
	<param name="corba-value" value=""/>
	<param name="fall-value" value="-fall"/>
	<param name="D-value" value=""/>
	<param name="oldImplBase-value" value=""/>
	<param name="pkg-translate" value=""/>
	<param name="pkg-prefixes" value=""/>
	<param name="idl-value" value="${test.src.dir}/corba/idlj/ConstantsAndTypedefs.idl"/>
	<param name="idl-gensrc-dir" value="${test-gensrc.dir}/corba/idlj"/>
	<param name="generated-files" value="*POATie.java"/>
    </antcall>
    <antcall target="call-idl" inheritAll="true" inheritRefs="true">
	<param name="td-value" value="-td ${test-gensrc.dir}"/>
	<param name="includes-value" value=""/>
	<param name="corba-value" value=""/>
	<param name="fall-value" value="-fall"/>
	<param name="D-value" value=""/>
	<param name="oldImplBase-value" value=""/>
	<param name="pkg-translate" value=""/>
	<param name="pkg-prefixes" value=""/>
	<param name="idl-value" value="${test.src.dir}/corba/idlj/NestedTypeDeclsAndInheritedTypes.idl"/>
	<param name="idl-gensrc-dir" value="${test-gensrc.dir}/corba/idlj"/>
	<param name="generated-files" value="*POATie.java"/>
    </antcall>
    <antcall target="call-idl" inheritAll="true" inheritRefs="true">
	<param name="td-value" value="-td ${test-gensrc.dir}"/>
	<param name="includes-value" value=""/>
	<param name="corba-value" value=""/>
	<param name="fall-value" value="-fall"/>
	<param name="D-value" value=""/>
	<param name="oldImplBase-value" value=""/>
	<param name="pkg-translate" value=""/>
	<param name="pkg-prefixes" value=""/>
	<param name="idl-value" value="${test.src.dir}/corba/systemexceptions/idlI.idl"/>
	<param name="idl-gensrc-dir" value="${test-gensrc.dir}/corba/systemexceptions"/>
	<param name="generated-files" value="*POATie.java"/>
    </antcall>
    <antcall target="call-idl" inheritAll="true" inheritRefs="true">
	<param name="td-value" value="-td ${test-gensrc.dir}"/>
	<param name="includes-value" value=""/>
	<param name="corba-value" value=""/>
	<param name="fall-value" value="-fall"/>
	<param name="D-value" value=""/>
	<param name="oldImplBase-value" value=""/>
	<param name="pkg-translate" value=""/>
	<param name="pkg-prefixes" value=""/>
	<param name="idl-value" value="${test.src.dir}/corba/unarrow/hello.idl"/>
	<param name="idl-gensrc-dir" value="${test-gensrc.dir}/corba/unarrow"/>
	<param name="generated-files" value="*POATie.java"/>
    </antcall>
    <antcall target="call-idl" inheritAll="true" inheritRefs="true">
	<param name="td-value" value="-td ${test-gensrc.dir}"/>
	<param name="includes-value" value=""/>
	<param name="corba-value" value=""/>
	<param name="fall-value" value="-fall"/>
	<param name="D-value" value=""/>
	<param name="oldImplBase-value" value=""/>
	<param name="pkg-translate" value=""/>
	<param name="pkg-prefixes" value=""/>
	<param name="idl-value" value="${test.src.dir}/corba/jsg/idlI.idl"/>
	<param name="idl-gensrc-dir" value="${test-gensrc.dir}/corba/jsg"/>
	<param name="generated-files" value="*POATie.java"/>
    </antcall>
    <antcall target="call-idl" inheritAll="true" inheritRefs="true">
	<param name="td-value" value="-td ${test-gensrc.dir}"/>
	<param name="includes-value" value=""/>
	<param name="corba-value" value=""/>
	<param name="fall-value" value="-fall"/>
	<param name="D-value" value=""/>
	<param name="oldImplBase-value" value=""/>
	<param name="pkg-translate" value=""/>
	<param name="pkg-prefixes" value=""/>
	<param name="idl-value" value="${test.src.dir}/corba/repid/BoxedValueTypes.idl"/>
	<param name="idl-gensrc-dir" value="${test-gensrc.dir}/corba/repid"/>
	<param name="generated-files" value="*POATie.java"/>
    </antcall>
    <antcall target="call-idl" inheritAll="true" inheritRefs="true">
	<param name="td-value" value="-td ${test-gensrc.dir}"/>
	<param name="includes-value" value=""/>
	<param name="corba-value" value=""/>
	<param name="fall-value" value="-fall"/>
	<param name="D-value" value=""/>
	<param name="oldImplBase-value" value="-oldImplBase"/>
	<param name="pkg-translate" value=""/>
	<param name="pkg-prefixes" value=""/>
	<param name="idl-value" value="${test.src.dir}/corba/invocation/hello.idl"/>
	<param name="idl-gensrc-dir" value="${test-gensrc.dir}/corba/invocation"/>
	<param name="generated-files" value="*POATie.java"/>
    </antcall>
    <antcall target="call-idl" inheritAll="true" inheritRefs="true">
	<param name="td-value" value="-td ${test-gensrc.dir}"/>
	<param name="includes-value" value=""/>
	<param name="corba-value" value=""/>
	<param name="fall-value" value="-fall"/>
	<param name="D-value" value=""/>
	<param name="oldImplBase-value" value="-oldImplBase"/>
	<param name="pkg-translate" value=""/>
	<param name="pkg-prefixes" value=""/>
	<param name="idl-value" value="${test.src.dir}/corba/tcpreadtimeout/ildI.idl"/>
	<param name="idl-gensrc-dir" value="${test-gensrc.dir}/corba/tcpreadtimeout"/>
	<param name="generated-files" value="*POATie.java"/>
    </antcall>
</target>


